  Game.cpp
c:\users\crist\source\repos\game_engine_1\game_engine_1\game.cpp(71): warning C4244: '=': conversion from 'double' to 'float', possible loss of data
c:\users\crist\source\repos\game_engine_1\game_engine_1\game.cpp(72): warning C4244: '=': conversion from 'double' to 'float', possible loss of data
c:\users\crist\source\repos\game_engine_1\game_engine_1\game.cpp(76): warning C4244: 'initializing': conversion from 'double' to 'float', possible loss of data
c:\users\crist\source\repos\game_engine_1\game_engine_1\game.cpp(77): warning C4244: 'initializing': conversion from 'double' to 'float', possible loss of data
c:\users\crist\source\repos\game_engine_1\game_engine_1\game.cpp(78): warning C4244: '=': conversion from 'double' to 'float', possible loss of data
c:\users\crist\source\repos\game_engine_1\game_engine_1\game.cpp(79): warning C4244: '=': conversion from 'double' to 'float', possible loss of data
c:\users\crist\source\repos\game_engine_1\game_engine_1\game.cpp(219): warning C4244: 'argument': conversion from 'double' to 'float', possible loss of data
  ObjectModel.cpp
  Generating Code...
  glad.c
glfw3.lib(context.obj) : warning LNK4099: PDB 'glfw.pdb' was not found with 'glfw3.lib(context.obj)' or at 'C:\Users\crist\source\repos\game_engine_1\Debug\glfw.pdb'; linking object as if no debug info
glfw3.lib(init.obj) : warning LNK4099: PDB 'glfw.pdb' was not found with 'glfw3.lib(init.obj)' or at 'C:\Users\crist\source\repos\game_engine_1\Debug\glfw.pdb'; linking object as if no debug info
glfw3.lib(input.obj) : warning LNK4099: PDB 'glfw.pdb' was not found with 'glfw3.lib(input.obj)' or at 'C:\Users\crist\source\repos\game_engine_1\Debug\glfw.pdb'; linking object as if no debug info
glfw3.lib(monitor.obj) : warning LNK4099: PDB 'glfw.pdb' was not found with 'glfw3.lib(monitor.obj)' or at 'C:\Users\crist\source\repos\game_engine_1\Debug\glfw.pdb'; linking object as if no debug info
glfw3.lib(vulkan.obj) : warning LNK4099: PDB 'glfw.pdb' was not found with 'glfw3.lib(vulkan.obj)' or at 'C:\Users\crist\source\repos\game_engine_1\Debug\glfw.pdb'; linking object as if no debug info
glfw3.lib(window.obj) : warning LNK4099: PDB 'glfw.pdb' was not found with 'glfw3.lib(window.obj)' or at 'C:\Users\crist\source\repos\game_engine_1\Debug\glfw.pdb'; linking object as if no debug info
glfw3.lib(win32_init.obj) : warning LNK4099: PDB 'glfw.pdb' was not found with 'glfw3.lib(win32_init.obj)' or at 'C:\Users\crist\source\repos\game_engine_1\Debug\glfw.pdb'; linking object as if no debug info
glfw3.lib(win32_joystick.obj) : warning LNK4099: PDB 'glfw.pdb' was not found with 'glfw3.lib(win32_joystick.obj)' or at 'C:\Users\crist\source\repos\game_engine_1\Debug\glfw.pdb'; linking object as if no debug info
glfw3.lib(win32_monitor.obj) : warning LNK4099: PDB 'glfw.pdb' was not found with 'glfw3.lib(win32_monitor.obj)' or at 'C:\Users\crist\source\repos\game_engine_1\Debug\glfw.pdb'; linking object as if no debug info
glfw3.lib(win32_time.obj) : warning LNK4099: PDB 'glfw.pdb' was not found with 'glfw3.lib(win32_time.obj)' or at 'C:\Users\crist\source\repos\game_engine_1\Debug\glfw.pdb'; linking object as if no debug info
glfw3.lib(win32_tls.obj) : warning LNK4099: PDB 'glfw.pdb' was not found with 'glfw3.lib(win32_tls.obj)' or at 'C:\Users\crist\source\repos\game_engine_1\Debug\glfw.pdb'; linking object as if no debug info
glfw3.lib(win32_window.obj) : warning LNK4099: PDB 'glfw.pdb' was not found with 'glfw3.lib(win32_window.obj)' or at 'C:\Users\crist\source\repos\game_engine_1\Debug\glfw.pdb'; linking object as if no debug info
glfw3.lib(wgl_context.obj) : warning LNK4099: PDB 'glfw.pdb' was not found with 'glfw3.lib(wgl_context.obj)' or at 'C:\Users\crist\source\repos\game_engine_1\Debug\glfw.pdb'; linking object as if no debug info
glfw3.lib(egl_context.obj) : warning LNK4099: PDB 'glfw.pdb' was not found with 'glfw3.lib(egl_context.obj)' or at 'C:\Users\crist\source\repos\game_engine_1\Debug\glfw.pdb'; linking object as if no debug info
  game_engine_1.vcxproj -> C:\Users\crist\source\repos\game_engine_1\Debug\game_engine_1.exe
